2017-09-06 16:42:53|lags|my_group3|hy_userinfo|0|0
2017-09-06 16:42:53|lags|my_group3|hy_userinfo|1|0
2017-09-06 16:42:53|lags|my_group3|hy_userinfo|2|0
2017-09-06 16:42:53|lags|my_credit_model|my_credit_xiaoshi_report|1|3311
2017-09-06 16:42:53|lags|my_credit_model|my_user_mobile_report|1|3322
2017-09-06 16:42:53|lags|my_credit_model|hy_membercontacts|1|85
2017-09-06 16:42:53|lags|my_credit_model|my_user_mobile_report|0|2992
2017-09-06 16:42:53|lags|my_credit_model|my_credit_zm_anti_fraud|0|3
2017-09-06 16:42:53|lags|my_credit_model|my_credit_zm_anti_fraud|1|3
2017-09-06 16:42:53|lags|my_credit_model|my_credit_baidu_finance|1|958129
2017-09-06 16:42:53|lags|my_credit_model|my_credit_hulu_report|0|57
2017-09-06 16:42:53|lags|my_credit_model|hy_userinfo|1|279
2017-09-06 16:42:53|lags|my_credit_model|hy_linkman|1|167
2017-09-06 16:42:53|lags|my_credit_model|my_credit_hulu_report|1|115
2017-09-06 16:42:53|lags|my_credit_model|my_credit_xiaoshi_report|0|6747
2017-09-06 16:42:53|lags|my_credit_model|my_credit_huadao|1|17
2017-09-06 16:42:53|lags|my_credit_model|hy_membercontacts|2|85
2017-09-06 16:42:53|lags|my_credit_model|hy_linkman|2|160
2017-09-06 16:42:53|lags|my_credit_model|my_user_mobile_report|2|3291
2017-09-06 16:42:53|lags|my_credit_model|my_credit_zm_idno_risk|0|5
2017-09-06 16:42:53|lags|my_credit_model|hy_membercontacts|0|86
2017-09-06 16:42:53|lags|my_credit_model|my_credit_zm_idno_risk|1|1
2017-09-06 16:42:53|lags|my_credit_model|my_credit_huadao|0|47
2017-09-06 16:42:53|lags|my_credit_model|hy_userinfo|2|274
2017-09-06 16:42:53|lags|my_credit_model|hy_linkman|0|160
2017-09-06 16:42:53|lags|my_credit_model|my_credit_baidu_finance|0|928291
2017-09-06 16:42:53|lags|my_credit_model|hy_userinfo|0|251
2017-09-06 16:42:53|lags|my_group2|hy_mobileblacklist|2|0
2017-09-06 16:42:53|lags|my_group2|my_user_mobile_report|0|11
2017-09-06 16:42:53|lags|my_group2|hy_membersms|2|16
2017-09-06 16:42:53|lags|my_group2|my_crawler_carrier|2|0
2017-09-06 16:42:53|lags|my_group2|hy_mobileblacklist|0|0
2017-09-06 16:42:53|lags|my_group2|hy_membersms|1|6
2017-09-06 16:42:53|lags|my_group2|my_credit_hulu_report|0|1
2017-09-06 16:42:53|lags|my_group2|hy_userinfo|0|77
2017-09-06 16:42:53|lags|my_group2|my_crawler_carrier|0|0
2017-09-06 16:42:53|lags|my_group2|hy_membercallhistory|1|7
2017-09-06 16:42:53|lags|my_group2|app_ph_membercontacts|0|7
2017-09-06 16:42:53|lags|my_group2|my_crawler_carrier|1|0
2017-09-06 16:42:53|lags|my_group2|hy_innerblacklist|1|0
2017-09-06 16:42:53|lags|my_group2|hy_membercallhistory|0|3
2017-09-06 16:42:53|lags|my_group2|my_credit_hulu_report|2|2
2017-09-06 16:42:53|lags|my_group2|my_credit_hulu_report|1|6
2017-09-06 16:42:53|lags|my_group2|hy_userinfo|2|77
2017-09-06 16:42:53|lags|my_group2|my_user_mobile_report|1|9
2017-09-06 16:42:53|lags|my_group2|ods_my_credit_yidun_report|0|0
2017-09-06 16:42:53|lags|my_group2|hy_userinfo|1|76
2017-09-06 16:42:53|lags|my_group2|my_user_mobile_report|2|5
2017-09-06 16:42:53|lags|my_group2|hy_innerblacklist|0|0
2017-09-06 16:42:53|lags|my_group2|hy_linkman|1|25
2017-09-06 16:42:53|lags|my_group2|ods_my_credit_yidun_report|2|4
2017-09-06 16:42:53|lags|my_group2|hy_linkman|2|26
2017-09-06 16:42:53|lags|my_group2|hy_linkman|0|29
2017-09-06 16:42:53|lags|my_group2|ods_my_credit_yidun_report|1|8
2017-09-06 16:42:53|lags|my_group2|hy_membercallhistory|2|7
2017-09-06 16:42:53|lags|my_group2|hy_innerblacklist|2|0
2017-09-06 16:42:53|lags|my_group2|hy_membersms|0|12
2017-09-06 16:42:53|lags|my_group2|hy_mobileblacklist|1|0
2017-09-06 16:53:08|lags|my_credit_model|my_credit_huadao|1|17
2017-09-06 16:53:08|lags|my_credit_model|hy_userinfo|0|251
2017-09-06 16:53:08|lags|my_credit_model|my_credit_huadao|0|47
2017-09-06 16:53:08|lags|my_credit_model|hy_userinfo|1|279
2017-09-06 16:53:08|lags|my_credit_model|my_credit_baidu_finance|1|958129
2017-09-06 16:53:08|lags|my_credit_model|my_credit_xiaoshi_report|1|3311
2017-09-06 16:53:08|lags|my_credit_model|my_credit_zm_anti_fraud|0|3
2017-09-06 16:53:08|lags|my_credit_model|my_credit_zm_idno_risk|0|5
2017-09-06 16:53:08|lags|my_credit_model|my_user_mobile_report|1|3322
2017-09-06 16:53:08|lags|my_credit_model|my_user_mobile_report|0|2992
2017-09-06 16:53:08|lags|my_credit_model|my_credit_zm_anti_fraud|1|3
2017-09-06 16:53:08|lags|my_credit_model|my_credit_hulu_report|0|57
2017-09-06 16:53:08|lags|my_credit_model|hy_linkman|2|160
2017-09-06 16:53:08|lags|my_credit_model|hy_linkman|1|167
2017-09-06 16:53:08|lags|my_credit_model|hy_linkman|0|160
2017-09-06 16:53:08|lags|my_credit_model|my_credit_baidu_finance|0|928291
2017-09-06 16:53:08|lags|my_credit_model|hy_membercontacts|0|86
2017-09-06 16:53:08|lags|my_credit_model|my_credit_xiaoshi_report|0|6747
2017-09-06 16:53:08|lags|my_credit_model|my_credit_zm_idno_risk|1|1
2017-09-06 16:53:08|lags|my_credit_model|my_user_mobile_report|2|3291
2017-09-06 16:53:08|lags|my_credit_model|my_credit_hulu_report|1|115
2017-09-06 16:53:08|lags|my_credit_model|hy_membercontacts|1|85
2017-09-06 16:53:08|lags|my_credit_model|hy_membercontacts|2|85
2017-09-06 16:53:08|lags|my_credit_model|hy_userinfo|2|274
2017-09-06 16:53:08|lags|my_group3|hy_userinfo|2|0
2017-09-06 16:53:08|lags|my_group3|hy_userinfo|1|0
2017-09-06 16:53:08|lags|my_group3|hy_userinfo|0|0
2017-09-06 16:53:09|lags|my_group2|hy_linkman|2|26
2017-09-06 16:53:09|lags|my_group2|ods_my_credit_yidun_report|1|8
2017-09-06 16:53:09|lags|my_group2|my_crawler_carrier|0|0
2017-09-06 16:53:09|lags|my_group2|ods_my_credit_yidun_report|0|0
2017-09-06 16:53:09|lags|my_group2|hy_mobileblacklist|1|0
2017-09-06 16:53:09|lags|my_group2|hy_membercallhistory|2|7
2017-09-06 16:53:09|lags|my_group2|my_user_mobile_report|0|11
2017-09-06 16:53:09|lags|my_group2|app_ph_membercontacts|0|7
2017-09-06 16:53:09|lags|my_group2|my_credit_hulu_report|0|1
2017-09-06 16:53:09|lags|my_group2|hy_innerblacklist|2|0
2017-09-06 16:53:09|lags|my_group2|my_crawler_carrier|1|0
2017-09-06 16:53:09|lags|my_group2|my_credit_hulu_report|1|6
2017-09-06 16:53:09|lags|my_group2|hy_mobileblacklist|2|0
2017-09-06 16:53:09|lags|my_group2|my_user_mobile_report|2|5
2017-09-06 16:53:09|lags|my_group2|hy_linkman|0|29
2017-09-06 16:53:09|lags|my_group2|hy_membersms|0|12
2017-09-06 16:53:09|lags|my_group2|hy_userinfo|1|76
2017-09-06 16:53:09|lags|my_group2|hy_membercallhistory|1|7
2017-09-06 16:53:09|lags|my_group2|my_user_mobile_report|1|9
2017-09-06 16:53:09|lags|my_group2|hy_innerblacklist|0|0
2017-09-06 16:53:09|lags|my_group2|hy_membersms|2|16
2017-09-06 16:53:09|lags|my_group2|hy_membercallhistory|0|3
2017-09-06 16:53:09|lags|my_group2|hy_innerblacklist|1|0
2017-09-06 16:53:09|lags|my_group2|my_crawler_carrier|2|0
2017-09-06 16:53:09|lags|my_group2|ods_my_credit_yidun_report|2|4
2017-09-06 16:53:09|lags|my_group2|hy_userinfo|2|77
2017-09-06 16:53:09|lags|my_group2|my_credit_hulu_report|2|2
2017-09-06 16:53:09|lags|my_group2|hy_membersms|1|6
2017-09-06 16:53:09|lags|my_group2|hy_linkman|1|25
2017-09-06 16:53:09|lags|my_group2|hy_mobileblacklist|0|0
2017-09-06 16:53:09|lags|my_group2|hy_userinfo|0|77
2017-09-06 16:53:59|lags|my_credit_model|hy_linkman|0|160
2017-09-06 16:53:59|lags|my_credit_model|my_credit_zm_anti_fraud|1|3
2017-09-06 16:53:59|lags|my_credit_model|my_credit_huadao|1|17
2017-09-06 16:53:59|lags|my_credit_model|my_credit_zm_idno_risk|1|1
2017-09-06 16:53:59|lags|my_credit_model|hy_userinfo|0|251
2017-09-06 16:53:59|lags|my_credit_model|my_credit_baidu_finance|1|958129
2017-09-06 16:53:59|lags|my_credit_model|hy_userinfo|2|274
2017-09-06 16:53:59|lags|my_credit_model|my_credit_zm_anti_fraud|0|3
2017-09-06 16:53:59|lags|my_credit_model|my_credit_hulu_report|0|57
2017-09-06 16:53:59|lags|my_credit_model|hy_membercontacts|2|85
2017-09-06 16:53:59|lags|my_credit_model|my_credit_hulu_report|1|115
2017-09-06 16:53:59|lags|my_credit_model|my_user_mobile_report|2|3291
2017-09-06 16:53:59|lags|my_credit_model|my_credit_zm_idno_risk|0|5
2017-09-06 16:53:59|lags|my_credit_model|my_credit_baidu_finance|0|928291
2017-09-06 16:53:59|lags|my_credit_model|my_user_mobile_report|0|2992
2017-09-06 16:53:59|lags|my_credit_model|my_credit_xiaoshi_report|0|6747
2017-09-06 16:53:59|lags|my_credit_model|hy_linkman|1|167
2017-09-06 16:53:59|lags|my_credit_model|hy_linkman|2|160
2017-09-06 16:53:59|lags|my_credit_model|my_user_mobile_report|1|3322
2017-09-06 16:53:59|lags|my_credit_model|my_credit_xiaoshi_report|1|3311
2017-09-06 16:53:59|lags|my_credit_model|my_credit_huadao|0|47
2017-09-06 16:53:59|lags|my_credit_model|hy_membercontacts|0|86
2017-09-06 16:53:59|lags|my_credit_model|hy_membercontacts|1|85
2017-09-06 16:53:59|lags|my_credit_model|hy_userinfo|1|279
2017-09-06 16:54:01|lags|my_group2|my_credit_hulu_report|2|2
2017-09-06 16:54:01|lags|my_group2|hy_membersms|0|12
2017-09-06 16:54:01|lags|my_group2|hy_innerblacklist|2|0
2017-09-06 16:54:01|lags|my_group2|hy_linkman|1|25
2017-09-06 16:54:01|lags|my_group2|my_user_mobile_report|2|5
2017-09-06 16:54:01|lags|my_group2|my_credit_hulu_report|1|6
2017-09-06 16:54:01|lags|my_group2|hy_mobileblacklist|1|0
2017-09-06 16:54:01|lags|my_group2|ods_my_credit_yidun_report|0|0
2017-09-06 16:54:01|lags|my_group2|hy_innerblacklist|0|0
2017-09-06 16:54:01|lags|my_group2|my_crawler_carrier|2|0
2017-09-06 16:54:01|lags|my_group2|my_user_mobile_report|0|11
2017-09-06 16:54:01|lags|my_group2|hy_userinfo|2|77
2017-09-06 16:54:01|lags|my_group2|hy_innerblacklist|1|0
2017-09-06 16:54:01|lags|my_group2|hy_membercallhistory|0|3
2017-09-06 16:54:01|lags|my_group2|hy_linkman|2|26
2017-09-06 16:54:01|lags|my_group2|my_credit_hulu_report|0|1
2017-09-06 16:54:01|lags|my_group2|my_crawler_carrier|1|0
2017-09-06 16:54:01|lags|my_group2|ods_my_credit_yidun_report|1|8
2017-09-06 16:54:01|lags|my_group2|hy_membercallhistory|2|7
2017-09-06 16:54:01|lags|my_group2|my_crawler_carrier|0|0
2017-09-06 16:54:01|lags|my_group2|hy_membersms|2|16
2017-09-06 16:54:01|lags|my_group2|hy_membercallhistory|1|7
2017-09-06 16:54:01|lags|my_group2|hy_userinfo|0|77
2017-09-06 16:54:01|lags|my_group2|hy_linkman|0|29
2017-09-06 16:54:01|lags|my_group2|ods_my_credit_yidun_report|2|4
2017-09-06 16:54:01|lags|my_group2|hy_membersms|1|6
2017-09-06 16:54:01|lags|my_group2|hy_userinfo|1|76
2017-09-06 16:54:01|lags|my_group2|hy_mobileblacklist|0|0
2017-09-06 16:54:01|lags|my_group2|my_user_mobile_report|1|9
2017-09-06 16:54:01|lags|my_group2|app_ph_membercontacts|0|7
2017-09-06 16:54:01|lags|my_group2|hy_mobileblacklist|2|0
2017-09-06 16:54:02|lags|my_group3|hy_userinfo|2|0
2017-09-06 16:54:02|lags|my_group3|hy_userinfo|1|0
2017-09-06 16:54:02|lags|my_group3|hy_userinfo|0|0
2017-09-06 16:54:25|lags|my_group3|hy_userinfo|0|0
2017-09-06 16:54:25|lags|my_group3|hy_userinfo|2|0
2017-09-06 16:54:25|lags|my_group3|hy_userinfo|1|0
2017-09-06 16:54:26|lags|my_credit_model|my_credit_huadao|0|47
2017-09-06 16:54:26|lags|my_credit_model|my_credit_hulu_report|1|115
2017-09-06 16:54:26|lags|my_credit_model|hy_linkman|2|160
2017-09-06 16:54:26|lags|my_credit_model|my_credit_huadao|1|17
2017-09-06 16:54:26|lags|my_credit_model|my_credit_zm_anti_fraud|1|3
2017-09-06 16:54:26|lags|my_credit_model|hy_membercontacts|2|85
2017-09-06 16:54:26|lags|my_credit_model|my_credit_baidu_finance|0|928291
2017-09-06 16:54:26|lags|my_credit_model|hy_userinfo|2|274
2017-09-06 16:54:26|lags|my_credit_model|my_credit_hulu_report|0|57
2017-09-06 16:54:26|lags|my_credit_model|my_credit_xiaoshi_report|0|6747
2017-09-06 16:54:26|lags|my_credit_model|my_credit_zm_anti_fraud|0|3
2017-09-06 16:54:26|lags|my_credit_model|my_user_mobile_report|0|2992
2017-09-06 16:54:26|lags|my_credit_model|my_credit_zm_idno_risk|1|1
2017-09-06 16:54:26|lags|my_credit_model|my_credit_baidu_finance|1|958129
2017-09-06 16:54:26|lags|my_credit_model|hy_linkman|0|160
2017-09-06 16:54:26|lags|my_credit_model|hy_membercontacts|1|85
2017-09-06 16:54:26|lags|my_credit_model|my_user_mobile_report|1|3322
2017-09-06 16:54:26|lags|my_credit_model|my_user_mobile_report|2|3291
2017-09-06 16:54:26|lags|my_credit_model|my_credit_zm_idno_risk|0|5
2017-09-06 16:54:26|lags|my_credit_model|hy_linkman|1|167
2017-09-06 16:54:26|lags|my_credit_model|my_credit_xiaoshi_report|1|3311
2017-09-06 16:54:26|lags|my_credit_model|hy_userinfo|0|251
2017-09-06 16:54:26|lags|my_credit_model|hy_userinfo|1|279
2017-09-06 16:54:26|lags|my_credit_model|hy_membercontacts|0|86
2017-09-06 16:54:26|lags|my_group2|hy_userinfo|0|77
2017-09-06 16:54:26|lags|my_group2|my_user_mobile_report|0|11
2017-09-06 16:54:26|lags|my_group2|my_credit_hulu_report|2|2
2017-09-06 16:54:26|lags|my_group2|hy_membercallhistory|1|7
2017-09-06 16:54:26|lags|my_group2|ods_my_credit_yidun_report|1|8
2017-09-06 16:54:26|lags|my_group2|ods_my_credit_yidun_report|0|0
2017-09-06 16:54:26|lags|my_group2|hy_userinfo|1|76
2017-09-06 16:54:26|lags|my_group2|hy_linkman|2|26
2017-09-06 16:54:26|lags|my_group2|my_user_mobile_report|2|5
2017-09-06 16:54:26|lags|my_group2|ods_my_credit_yidun_report|2|4
2017-09-06 16:54:26|lags|my_group2|hy_mobileblacklist|1|0
2017-09-06 16:54:26|lags|my_group2|my_user_mobile_report|1|9
2017-09-06 16:54:26|lags|my_group2|hy_membersms|1|6
2017-09-06 16:54:26|lags|my_group2|hy_membersms|0|12
2017-09-06 16:54:26|lags|my_group2|my_credit_hulu_report|1|6
2017-09-06 16:54:26|lags|my_group2|hy_membersms|2|16
2017-09-06 16:54:26|lags|my_group2|hy_membercallhistory|2|7
2017-09-06 16:54:26|lags|my_group2|hy_linkman|1|25
2017-09-06 16:54:26|lags|my_group2|hy_innerblacklist|1|0
2017-09-06 16:54:26|lags|my_group2|my_crawler_carrier|2|0
2017-09-06 16:54:26|lags|my_group2|hy_innerblacklist|2|0
2017-09-06 16:54:26|lags|my_group2|hy_mobileblacklist|2|0
2017-09-06 16:54:26|lags|my_group2|my_credit_hulu_report|0|1
2017-09-06 16:54:26|lags|my_group2|app_ph_membercontacts|0|7
2017-09-06 16:54:26|lags|my_group2|my_crawler_carrier|0|0
2017-09-06 16:54:26|lags|my_group2|hy_mobileblacklist|0|0
2017-09-06 16:54:26|lags|my_group2|my_crawler_carrier|1|0
2017-09-06 16:54:26|lags|my_group2|hy_membercallhistory|0|3
2017-09-06 16:54:26|lags|my_group2|hy_userinfo|2|77
2017-09-06 16:54:26|lags|my_group2|hy_linkman|0|29
2017-09-06 16:54:26|lags|my_group2|hy_innerblacklist|0|0
2017-09-06 16:55:31|lags|my_group2|hy_mobileblacklist|1|0
2017-09-06 16:55:31|lags|my_group2|hy_mobileblacklist|2|0
2017-09-06 16:55:31|lags|my_group2|my_user_mobile_report|2|5
2017-09-06 16:55:31|lags|my_group2|hy_innerblacklist|2|0
2017-09-06 16:55:31|lags|my_group2|hy_mobileblacklist|0|0
2017-09-06 16:55:31|lags|my_group2|hy_membersms|2|16
2017-09-06 16:55:31|lags|my_group2|hy_linkman|1|25
2017-09-06 16:55:31|lags|my_group2|hy_linkman|0|29
2017-09-06 16:55:31|lags|my_group2|ods_my_credit_yidun_report|0|0
2017-09-06 16:55:31|lags|my_group2|hy_membercallhistory|0|3
2017-09-06 16:55:31|lags|my_group2|my_credit_hulu_report|0|1
2017-09-06 16:55:31|lags|my_group2|my_credit_hulu_report|2|2
2017-09-06 16:55:31|lags|my_group2|hy_membersms|1|6
2017-09-06 16:55:31|lags|my_group2|my_user_mobile_report|1|9
2017-09-06 16:55:31|lags|my_group2|hy_membersms|0|12
2017-09-06 16:55:31|lags|my_group2|hy_linkman|2|26
2017-09-06 16:55:31|lags|my_group2|hy_innerblacklist|0|0
2017-09-06 16:55:31|lags|my_group2|hy_userinfo|2|77
2017-09-06 16:55:31|lags|my_group2|hy_innerblacklist|1|0
2017-09-06 16:55:31|lags|my_group2|hy_membercallhistory|2|7
2017-09-06 16:55:31|lags|my_group2|my_crawler_carrier|2|0
2017-09-06 16:55:31|lags|my_group2|hy_userinfo|1|76
2017-09-06 16:55:31|lags|my_group2|hy_userinfo|0|77
2017-09-06 16:55:31|lags|my_group2|app_ph_membercontacts|0|7
2017-09-06 16:55:31|lags|my_group2|ods_my_credit_yidun_report|1|8
2017-09-06 16:55:31|lags|my_group2|my_user_mobile_report|0|11
2017-09-06 16:55:31|lags|my_group2|ods_my_credit_yidun_report|2|4
2017-09-06 16:55:31|lags|my_group2|my_credit_hulu_report|1|6
2017-09-06 16:55:31|lags|my_group2|hy_membercallhistory|1|7
2017-09-06 16:55:31|lags|my_group2|my_crawler_carrier|1|0
2017-09-06 16:55:31|lags|my_group2|my_crawler_carrier|0|0
2017-09-06 16:55:33|lags|my_credit_model|my_user_mobile_report|2|3291
2017-09-06 16:55:33|lags|my_credit_model|my_credit_hulu_report|1|115
2017-09-06 16:55:33|lags|my_credit_model|my_credit_zm_idno_risk|0|5
2017-09-06 16:55:33|lags|my_credit_model|my_credit_huadao|1|17
2017-09-06 16:55:33|lags|my_credit_model|my_credit_baidu_finance|1|958129
2017-09-06 16:55:33|lags|my_credit_model|my_credit_baidu_finance|0|928291
2017-09-06 16:55:33|lags|my_credit_model|my_credit_xiaoshi_report|0|6747
2017-09-06 16:55:33|lags|my_credit_model|my_credit_xiaoshi_report|1|3311
2017-09-06 16:55:33|lags|my_credit_model|my_credit_zm_idno_risk|1|1
2017-09-06 16:55:33|lags|my_credit_model|hy_userinfo|2|274
2017-09-06 16:55:33|lags|my_credit_model|my_credit_hulu_report|0|57
2017-09-06 16:55:33|lags|my_credit_model|my_credit_zm_anti_fraud|0|3
2017-09-06 16:55:33|lags|my_credit_model|my_credit_huadao|0|47
2017-09-06 16:55:33|lags|my_credit_model|my_user_mobile_report|0|2992
2017-09-06 16:55:33|lags|my_credit_model|hy_userinfo|1|279
2017-09-06 16:55:33|lags|my_credit_model|hy_membercontacts|2|85
2017-09-06 16:55:33|lags|my_credit_model|my_user_mobile_report|1|3322
2017-09-06 16:55:33|lags|my_credit_model|hy_linkman|2|160
2017-09-06 16:55:33|lags|my_credit_model|my_credit_zm_anti_fraud|1|3
2017-09-06 16:55:33|lags|my_credit_model|hy_linkman|0|160
2017-09-06 16:55:33|lags|my_credit_model|hy_userinfo|0|251
2017-09-06 16:55:33|lags|my_credit_model|hy_linkman|1|167
2017-09-06 16:55:33|lags|my_credit_model|hy_membercontacts|0|86
2017-09-06 16:55:33|lags|my_credit_model|hy_membercontacts|1|85
2017-09-06 16:55:35|lags|my_group3|hy_userinfo|0|0
2017-09-06 16:55:35|lags|my_group3|hy_userinfo|1|0
2017-09-06 16:55:35|lags|my_group3|hy_userinfo|2|0
2017-09-06 16:56:41|lags|my_group2|my_user_mobile_report|0|11
2017-09-06 16:56:41|lags|my_group2|my_credit_hulu_report|2|2
2017-09-06 16:56:41|lags|my_group2|hy_mobileblacklist|1|0
2017-09-06 16:56:41|lags|my_group2|my_credit_hulu_report|0|1
2017-09-06 16:56:41|lags|my_group2|hy_membersms|2|16
2017-09-06 16:56:41|lags|my_group2|hy_mobileblacklist|0|0
2017-09-06 16:56:41|lags|my_group2|hy_userinfo|1|76
2017-09-06 16:56:41|lags|my_group2|hy_mobileblacklist|2|0
2017-09-06 16:56:41|lags|my_group2|hy_userinfo|0|77
2017-09-06 16:56:41|lags|my_group2|hy_userinfo|2|77
2017-09-06 16:56:41|lags|my_group2|my_user_mobile_report|2|5
2017-09-06 16:56:41|lags|my_group2|app_ph_membercontacts|0|7
2017-09-06 16:56:41|lags|my_group2|hy_membercallhistory|0|3
2017-09-06 16:56:41|lags|my_group2|hy_innerblacklist|1|0
2017-09-06 16:56:41|lags|my_group2|hy_membersms|1|6
2017-09-06 16:56:41|lags|my_group2|hy_membercallhistory|1|7
2017-09-06 16:56:41|lags|my_group2|ods_my_credit_yidun_report|1|8
2017-09-06 16:56:41|lags|my_group2|my_crawler_carrier|2|0
2017-09-06 16:56:41|lags|my_group2|my_crawler_carrier|0|0
2017-09-06 16:56:41|lags|my_group2|my_credit_hulu_report|1|6
2017-09-06 16:56:41|lags|my_group2|ods_my_credit_yidun_report|2|4
2017-09-06 16:56:41|lags|my_group2|my_user_mobile_report|1|9
2017-09-06 16:56:41|lags|my_group2|my_crawler_carrier|1|0
2017-09-06 16:56:41|lags|my_group2|hy_innerblacklist|2|0
2017-09-06 16:56:41|lags|my_group2|ods_my_credit_yidun_report|0|0
2017-09-06 16:56:41|lags|my_group2|hy_linkman|0|29
2017-09-06 16:56:41|lags|my_group2|hy_membercallhistory|2|7
2017-09-06 16:56:41|lags|my_group2|hy_innerblacklist|0|0
2017-09-06 16:56:41|lags|my_group2|hy_linkman|2|26
2017-09-06 16:56:41|lags|my_group2|hy_linkman|1|25
2017-09-06 16:56:41|lags|my_group2|hy_membersms|0|12
2017-09-06 16:56:41|lags|my_group3|hy_userinfo|0|0
2017-09-06 16:56:41|lags|my_group3|hy_userinfo|1|0
2017-09-06 16:56:41|lags|my_group3|hy_userinfo|2|0
2017-09-06 16:56:41|lags|my_credit_model|my_credit_zm_anti_fraud|1|3
2017-09-06 16:56:41|lags|my_credit_model|hy_linkman|0|160
2017-09-06 16:56:41|lags|my_credit_model|my_user_mobile_report|2|3291
2017-09-06 16:56:41|lags|my_credit_model|my_credit_hulu_report|1|115
2017-09-06 16:56:41|lags|my_credit_model|my_credit_xiaoshi_report|1|3311
2017-09-06 16:56:41|lags|my_credit_model|hy_membercontacts|1|85
2017-09-06 16:56:41|lags|my_credit_model|hy_membercontacts|2|85
2017-09-06 16:56:41|lags|my_credit_model|my_credit_baidu_finance|0|928291
2017-09-06 16:56:41|lags|my_credit_model|my_credit_huadao|1|17
2017-09-06 16:56:41|lags|my_credit_model|hy_linkman|1|167
2017-09-06 16:56:41|lags|my_credit_model|my_credit_hulu_report|0|57
2017-09-06 16:56:41|lags|my_credit_model|my_credit_xiaoshi_report|0|6747
2017-09-06 16:56:41|lags|my_credit_model|my_credit_zm_anti_fraud|0|3
2017-09-06 16:56:41|lags|my_credit_model|my_credit_zm_idno_risk|1|1
2017-09-06 16:56:41|lags|my_credit_model|my_credit_huadao|0|47
2017-09-06 16:56:41|lags|my_credit_model|hy_userinfo|1|279
2017-09-06 16:56:41|lags|my_credit_model|hy_userinfo|2|274
2017-09-06 16:56:41|lags|my_credit_model|my_credit_zm_idno_risk|0|5
2017-09-06 16:56:41|lags|my_credit_model|my_user_mobile_report|0|2992
2017-09-06 16:56:41|lags|my_credit_model|hy_membercontacts|0|86
2017-09-06 16:56:41|lags|my_credit_model|my_user_mobile_report|1|3322
2017-09-06 16:56:41|lags|my_credit_model|my_credit_baidu_finance|1|958129
2017-09-06 16:56:41|lags|my_credit_model|hy_userinfo|0|251
2017-09-06 16:56:41|lags|my_credit_model|hy_linkman|2|160
